# JRE version: Java(TM) SE Runtime Environment 18.9 (11.0.16+11) (build 11.0.16+11-LTS-199)
# Java VM: Java HotSpot(TM) 64-Bit Server VM 18.9 (11.0.16+11-LTS-199, mixed mode, tiered, compressed oops, g1 gc, windows-amd64)
Heap:
 garbage-first heap   total 189440K, used 126638K [0x0000000080000000, 0x0000000100000000)
  region size 1024K, 96 young (98304K), 1 survivors (1024K)
 Metaspace       used 59329K, capacity 61151K, committed 61228K, reserved 1103872K
  class space    used 7026K, capacity 7792K, committed 7808K, reserved 1048576K
GC Heap History (10 events):
Event: 8647.425 GC heap before
{Heap before GC invocations=98 (full 0):
 garbage-first heap   total 189440K, used 143910K [0x0000000080000000, 0x0000000100000000)
  region size 1024K, 111 young (113664K), 1 survivors (1024K)
 Metaspace       used 59325K, capacity 61151K, committed 61228K, reserved 1103872K
  class space    used 7026K, capacity 7792K, committed 7808K, reserved 1048576K
}
Event: 8647.428 GC heap after
{Heap after GC invocations=99 (full 0):
 garbage-first heap   total 189440K, used 31346K [0x0000000080000000, 0x0000000100000000)
  region size 1024K, 1 young (1024K), 1 survivors (1024K)
 Metaspace       used 59325K, capacity 61151K, committed 61228K, reserved 1103872K
  class space    used 7026K, capacity 7792K, committed 7808K, reserved 1048576K
}
Event: 8751.928 GC heap before
{Heap before GC invocations=99 (full 0):
 garbage-first heap   total 189440K, used 143986K [0x0000000080000000, 0x0000000100000000)
  region size 1024K, 111 young (113664K), 1 survivors (1024K)
 Metaspace       used 59325K, capacity 61151K, committed 61228K, reserved 1103872K
  class space    used 7026K, capacity 7792K, committed 7808K, reserved 1048576K
}
Event: 8751.931 GC heap after
{Heap after GC invocations=100 (full 0):
 garbage-first heap   total 189440K, used 31291K [0x0000000080000000, 0x0000000100000000)
  region size 1024K, 1 young (1024K), 1 survivors (1024K)
 Metaspace       used 59325K, capacity 61151K, committed 61228K, reserved 1103872K
  class space    used 7026K, capacity 7792K, committed 7808K, reserved 1048576K
}
Event: 8853.314 GC heap before
{Heap before GC invocations=100 (full 0):
 garbage-first heap   total 189440K, used 143931K [0x0000000080000000, 0x0000000100000000)
  region size 1024K, 111 young (113664K), 1 survivors (1024K)
 Metaspace       used 59329K, capacity 61151K, committed 61228K, reserved 1103872K
  class space    used 7026K, capacity 7792K, committed 7808K, reserved 1048576K
}
Event: 8853.317 GC heap after
{Heap after GC invocations=101 (full 0):
 garbage-first heap   total 189440K, used 31393K [0x0000000080000000, 0x0000000100000000)
  region size 1024K, 1 young (1024K), 1 survivors (1024K)
 Metaspace       used 59329K, capacity 61151K, committed 61228K, reserved 1103872K
  class space    used 7026K, capacity 7792K, committed 7808K, reserved 1048576K
}
Event: 8957.696 GC heap before
{Heap before GC invocations=101 (full 0):
 garbage-first heap   total 189440K, used 144033K [0x0000000080000000, 0x0000000100000000)
  region size 1024K, 111 young (113664K), 1 survivors (1024K)
 Metaspace       used 59329K, capacity 61151K, committed 61228K, reserved 1103872K
  class space    used 7026K, capacity 7792K, committed 7808K, reserved 1048576K
}
Event: 8957.698 GC heap after
{Heap after GC invocations=102 (full 0):
 garbage-first heap   total 189440K, used 31306K [0x0000000080000000, 0x0000000100000000)
  region size 1024K, 1 young (1024K), 1 survivors (1024K)
 Metaspace       used 59329K, capacity 61151K, committed 61228K, reserved 1103872K
  class space    used 7026K, capacity 7792K, committed 7808K, reserved 1048576K
}
Event: 9059.204 GC heap before
{Heap before GC invocations=102 (full 0):
 garbage-first heap   total 189440K, used 143946K [0x0000000080000000, 0x0000000100000000)
  region size 1024K, 111 young (113664K), 1 survivors (1024K)
 Metaspace       used 59329K, capacity 61151K, committed 61228K, reserved 1103872K
  class space    used 7026K, capacity 7792K, committed 7808K, reserved 1048576K
}
Event: 9059.207 GC heap after
{Heap after GC invocations=103 (full 0):
 garbage-first heap   total 189440K, used 31406K [0x0000000080000000, 0x0000000100000000)
  region size 1024K, 1 young (1024K), 1 survivors (1024K)
 Metaspace       used 59329K, capacity 61151K, committed 61228K, reserved 1103872K
  class space    used 7026K, capacity 7792K, committed 7808K, reserved 1048576K
}

