# JRE version: Java(TM) SE Runtime Environment 18.9 (11.0.16+11) (build 11.0.16+11-LTS-199)
# Java VM: Java HotSpot(TM) 64-Bit Server VM 18.9 (11.0.16+11-LTS-199, mixed mode, tiered, compressed oops, g1 gc, windows-amd64)
Heap:
 garbage-first heap   total 157696K, used 121852K [0x0000000080000000, 0x0000000100000000)
  region size 1024K, 77 young (78848K), 5 survivors (5120K)
 Metaspace       used 28320K, capacity 29048K, committed 29184K, reserved 1075200K
  class space    used 2984K, capacity 3235K, committed 3328K, reserved 1048576K
GC Heap History (10 events):
Event: 1.774 GC heap before
{Heap before GC invocations=2 (full 0):
 garbage-first heap   total 131072K, used 15369K [0x0000000080000000, 0x0000000100000000)
  region size 1024K, 14 young (14336K), 1 survivors (1024K)
 Metaspace       used 12400K, capacity 12596K, committed 12672K, reserved 1060864K
  class space    used 1250K, capacity 1348K, committed 1408K, reserved 1048576K
}
Event: 1.779 GC heap after
{Heap after GC invocations=3 (full 0):
 garbage-first heap   total 131072K, used 3615K [0x0000000080000000, 0x0000000100000000)
  region size 1024K, 2 young (2048K), 2 survivors (2048K)
 Metaspace       used 12400K, capacity 12596K, committed 12672K, reserved 1060864K
  class space    used 1250K, capacity 1348K, committed 1408K, reserved 1048576K
}
Event: 2.319 GC heap before
{Heap before GC invocations=3 (full 0):
 garbage-first heap   total 131072K, used 22047K [0x0000000080000000, 0x0000000100000000)
  region size 1024K, 20 young (20480K), 2 survivors (2048K)
 Metaspace       used 14398K, capacity 14583K, committed 14720K, reserved 1062912K
  class space    used 1500K, capacity 1581K, committed 1664K, reserved 1048576K
}
Event: 2.325 GC heap after
{Heap after GC invocations=4 (full 0):
 garbage-first heap   total 131072K, used 4294K [0x0000000080000000, 0x0000000100000000)
  region size 1024K, 3 young (3072K), 3 survivors (3072K)
 Metaspace       used 14398K, capacity 14583K, committed 14720K, reserved 1062912K
  class space    used 1500K, capacity 1581K, committed 1664K, reserved 1048576K
}
Event: 3.854 GC heap before
{Heap before GC invocations=4 (full 0):
 garbage-first heap   total 131072K, used 38086K [0x0000000080000000, 0x0000000100000000)
  region size 1024K, 36 young (36864K), 3 survivors (3072K)
 Metaspace       used 19770K, capacity 20135K, committed 20224K, reserved 1067008K
  class space    used 2116K, capacity 2247K, committed 2304K, reserved 1048576K
}
Event: 3.872 GC heap after
{Heap after GC invocations=5 (full 0):
 garbage-first heap   total 157696K, used 7255K [0x0000000080000000, 0x0000000100000000)
  region size 1024K, 5 young (5120K), 5 survivors (5120K)
 Metaspace       used 19770K, capacity 20135K, committed 20224K, reserved 1067008K
  class space    used 2116K, capacity 2247K, committed 2304K, reserved 1048576K
}
Event: 5.734 GC heap before
{Heap before GC invocations=5 (full 0):
 garbage-first heap   total 157696K, used 72791K [0x0000000080000000, 0x0000000100000000)
  region size 1024K, 70 young (71680K), 5 survivors (5120K)
 Metaspace       used 20965K, capacity 21209K, committed 21248K, reserved 1069056K
  class space    used 2179K, capacity 2284K, committed 2304K, reserved 1048576K
}
Event: 5.766 GC heap after
{Heap after GC invocations=6 (full 0):
 garbage-first heap   total 157696K, used 14251K [0x0000000080000000, 0x0000000100000000)
  region size 1024K, 12 young (12288K), 12 survivors (12288K)
 Metaspace       used 20965K, capacity 21209K, committed 21248K, reserved 1069056K
  class space    used 2179K, capacity 2284K, committed 2304K, reserved 1048576K
}
Event: 8.213 GC heap before
{Heap before GC invocations=7 (full 0):
 garbage-first heap   total 157696K, used 82859K [0x0000000080000000, 0x0000000100000000)
  region size 1024K, 79 young (80896K), 12 survivors (12288K)
 Metaspace       used 25029K, capacity 25567K, committed 25856K, reserved 1073152K
  class space    used 2590K, capacity 2778K, committed 2816K, reserved 1048576K
}
Event: 8.268 GC heap after
{Heap after GC invocations=8 (full 0):
 garbage-first heap   total 157696K, used 18428K [0x0000000080000000, 0x0000000100000000)
  region size 1024K, 5 young (5120K), 5 survivors (5120K)
 Metaspace       used 25029K, capacity 25567K, committed 25856K, reserved 1073152K
  class space    used 2590K, capacity 2778K, committed 2816K, reserved 1048576K
}

