# JRE version: Java(TM) SE Runtime Environment 18.9 (11.0.16+11) (build 11.0.16+11-LTS-199)
# Java VM: Java HotSpot(TM) 64-Bit Server VM 18.9 (11.0.16+11-LTS-199, mixed mode, tiered, compressed oops, g1 gc, windows-amd64)
Heap:
 garbage-first heap   total 206848K, used 32256K [0x0000000080000000, 0x0000000100000000)
  region size 1024K, 2 young (2048K), 2 survivors (2048K)
 Metaspace       used 33132K, capacity 33763K, committed 33920K, reserved 1079296K
  class space    used 3458K, capacity 3701K, committed 3712K, reserved 1048576K
GC Heap History (10 events):
Event: 4.872 GC heap after
{Heap after GC invocations=5 (full 0):
 garbage-first heap   total 131072K, used 7160K [0x0000000080000000, 0x0000000100000000)
  region size 1024K, 5 young (5120K), 5 survivors (5120K)
 Metaspace       used 19748K, capacity 20065K, committed 20224K, reserved 1067008K
  class space    used 2117K, capacity 2245K, committed 2304K, reserved 1048576K
}
Event: 7.367 GC heap before
{Heap before GC invocations=5 (full 0):
 garbage-first heap   total 131072K, used 49144K [0x0000000080000000, 0x0000000100000000)
  region size 1024K, 46 young (47104K), 5 survivors (5120K)
 Metaspace       used 20620K, capacity 20882K, committed 20992K, reserved 1069056K
  class space    used 2161K, capacity 2282K, committed 2304K, reserved 1048576K
}
Event: 7.395 GC heap after
{Heap after GC invocations=6 (full 0):
 garbage-first heap   total 157696K, used 10955K [0x0000000080000000, 0x0000000100000000)
  region size 1024K, 4 young (4096K), 4 survivors (4096K)
 Metaspace       used 20620K, capacity 20882K, committed 20992K, reserved 1069056K
  class space    used 2161K, capacity 2282K, committed 2304K, reserved 1048576K
}
Event: 8.813 GC heap before
{Heap before GC invocations=6 (full 0):
 garbage-first heap   total 157696K, used 34507K [0x0000000080000000, 0x0000000100000000)
  region size 1024K, 28 young (28672K), 4 survivors (4096K)
 Metaspace       used 20905K, capacity 21213K, committed 21248K, reserved 1069056K
  class space    used 2163K, capacity 2285K, committed 2304K, reserved 1048576K
}
Event: 8.844 GC heap after
{Heap after GC invocations=7 (full 0):
 garbage-first heap   total 157696K, used 14683K [0x0000000080000000, 0x0000000100000000)
  region size 1024K, 4 young (4096K), 4 survivors (4096K)
 Metaspace       used 20905K, capacity 21213K, committed 21248K, reserved 1069056K
  class space    used 2163K, capacity 2285K, committed 2304K, reserved 1048576K
}
Event: 12.465 GC heap before
{Heap before GC invocations=8 (full 0):
 garbage-first heap   total 157696K, used 62811K [0x0000000080000000, 0x0000000100000000)
  region size 1024K, 51 young (52224K), 4 survivors (4096K)
 Metaspace       used 24730K, capacity 25149K, committed 25344K, reserved 1071104K
  class space    used 2565K, capacity 2729K, committed 2816K, reserved 1048576K
}
Event: 12.494 GC heap after
{Heap after GC invocations=9 (full 0):
 garbage-first heap   total 157696K, used 17252K [0x0000000080000000, 0x0000000100000000)
  region size 1024K, 6 young (6144K), 6 survivors (6144K)
 Metaspace       used 24730K, capacity 25149K, committed 25344K, reserved 1071104K
  class space    used 2565K, capacity 2729K, committed 2816K, reserved 1048576K
}
Event: 19.396 GC heap before
{Heap before GC invocations=9 (full 0):
 garbage-first heap   total 157696K, used 103268K [0x0000000080000000, 0x0000000100000000)
  region size 1024K, 90 young (92160K), 6 survivors (6144K)
 Metaspace       used 32439K, capacity 33091K, committed 33408K, reserved 1079296K
  class space    used 3411K, capacity 3631K, committed 3712K, reserved 1048576K
}
Event: 19.525 GC heap after
{Heap after GC invocations=10 (full 0):
 garbage-first heap   total 157696K, used 35767K [0x0000000080000000, 0x0000000100000000)
  region size 1024K, 12 young (12288K), 12 survivors (12288K)
 Metaspace       used 32439K, capacity 33091K, committed 33408K, reserved 1079296K
  class space    used 3411K, capacity 3631K, committed 3712K, reserved 1048576K
}
Event: 21.101 GC heap before
{Heap before GC invocations=10 (full 0):
 garbage-first heap   total 157696K, used 60343K [0x0000000080000000, 0x0000000100000000)
  region size 1024K, 36 young (36864K), 12 survivors (12288K)
 Metaspace       used 33132K, capacity 33763K, committed 33920K, reserved 1079296K
  class space    used 3458K, capacity 3701K, committed 3712K, reserved 1048576K
}

